<?xml version="1.0" encoding="UTF-8"?>
<testsuite name="merge"
           tests="20"
           failures="4"
           errors="0"
           skipped="0"
           time="389.235">
    <properties></properties>

            <testcase
                name="test5"
                time="48.517"
                classname="tests.tenant.authentication.api.APISingleStepStaticPassword">

            <failure type="java.lang.AssertionError" message="Failed to change change LDAP property expected [false] but found [true]">
                <![CDATA[java.lang.AssertionError: Failed to change change LDAP property expected [false] but found [true]
                org.testng.Assert.fail(Assert.java:110)org.testng.Assert.failNotEquals(Assert.java:1413)org.testng.Assert.assertEqualsImpl(Assert.java:149)org.testng.Assert.assertEquals(Assert.java:131)org.testng.Assert.assertEquals(Assert.java:976)utils.LDAPClient.setUserMustChangePassword(LDAPClient.java:27)tests.tenant.authentication.api.APISingleStepStaticPassword.test5(APISingleStepStaticPassword.java:92)java.base/jdk.internal.reflect.NativeMethodAccessorImpl.invoke0(Native Method)java.base/jdk.internal.reflect.NativeMethodAccessorImpl.invoke(NativeMethodAccessorImpl.java:77)java.base/jdk.internal.reflect.DelegatingMethodAccessorImpl.invoke(DelegatingMethodAccessorImpl.java:43)java.base/java.lang.reflect.Method.invoke(Method.java:568)org.testng.internal.invokers.MethodInvocationHelper.invokeMethod(MethodInvocationHelper.java:135)org.testng.internal.invokers.TestInvoker.invokeMethod(TestInvoker.java:673)org.testng.internal.invokers.TestInvoker.invokeTestMethod(TestInvoker.java:220)org.testng.internal.invokers.TestMethodWithDataProviderMethodWorker.call(TestMethodWithDataProviderMethodWorker.java:80)org.testng.internal.invokers.TestMethodWithDataProviderMethodWorker.call(TestMethodWithDataProviderMethodWorker.java:17)java.base/java.util.concurrent.FutureTask.run(FutureTask.java:264)java.base/java.util.concurrent.Executors$RunnableAdapter.call(Executors.java:539)java.base/java.util.concurrent.FutureTask.run(FutureTask.java:264)java.base/java.util.concurrent.ThreadPoolExecutor.runWorker(ThreadPoolExecutor.java:1136)java.base/java.util.concurrent.ThreadPoolExecutor$Worker.run(ThreadPoolExecutor.java:635)java.base/java.lang.Thread.run(Thread.java:840)
]]>
            </failure>
    </testcase>
            <testcase
                name="test4"
                time="50.683"
                classname="tests.tenant.authentication.api.APISingleStepStaticPassword">

            <failure type="java.lang.AssertionError" message="Failed to change change LDAP property expected [false] but found [true]">
                <![CDATA[java.lang.AssertionError: Failed to change change LDAP property expected [false] but found [true]
                org.testng.Assert.fail(Assert.java:110)org.testng.Assert.failNotEquals(Assert.java:1413)org.testng.Assert.assertEqualsImpl(Assert.java:149)org.testng.Assert.assertEquals(Assert.java:131)org.testng.Assert.assertEquals(Assert.java:976)utils.LDAPClient.setUserMustChangePassword(LDAPClient.java:27)tests.tenant.authentication.api.APISingleStepStaticPassword.test4(APISingleStepStaticPassword.java:73)java.base/jdk.internal.reflect.NativeMethodAccessorImpl.invoke0(Native Method)java.base/jdk.internal.reflect.NativeMethodAccessorImpl.invoke(NativeMethodAccessorImpl.java:77)java.base/jdk.internal.reflect.DelegatingMethodAccessorImpl.invoke(DelegatingMethodAccessorImpl.java:43)java.base/java.lang.reflect.Method.invoke(Method.java:568)org.testng.internal.invokers.MethodInvocationHelper.invokeMethod(MethodInvocationHelper.java:135)org.testng.internal.invokers.TestInvoker.invokeMethod(TestInvoker.java:673)org.testng.internal.invokers.TestInvoker.invokeTestMethod(TestInvoker.java:220)org.testng.internal.invokers.TestMethodWithDataProviderMethodWorker.call(TestMethodWithDataProviderMethodWorker.java:80)org.testng.internal.invokers.TestMethodWithDataProviderMethodWorker.call(TestMethodWithDataProviderMethodWorker.java:17)java.base/java.util.concurrent.FutureTask.run(FutureTask.java:264)java.base/java.util.concurrent.Executors$RunnableAdapter.call(Executors.java:539)java.base/java.util.concurrent.FutureTask.run(FutureTask.java:264)java.base/java.util.concurrent.ThreadPoolExecutor.runWorker(ThreadPoolExecutor.java:1136)java.base/java.util.concurrent.ThreadPoolExecutor$Worker.run(ThreadPoolExecutor.java:635)java.base/java.lang.Thread.run(Thread.java:840)
]]>
            </failure>
    </testcase>
            <testcase
                name="test5"
                time="43.336"
                classname="tests.tenant.authentication.api.APISingleStepStaticPassword">

            <failure type="java.lang.AssertionError" message="Failed to change change LDAP property expected [false] but found [true]">
                <![CDATA[java.lang.AssertionError: Failed to change change LDAP property expected [false] but found [true]
                org.testng.Assert.fail(Assert.java:110)org.testng.Assert.failNotEquals(Assert.java:1413)org.testng.Assert.assertEqualsImpl(Assert.java:149)org.testng.Assert.assertEquals(Assert.java:131)org.testng.Assert.assertEquals(Assert.java:976)utils.LDAPClient.setUserMustChangePassword(LDAPClient.java:27)tests.tenant.authentication.api.APISingleStepStaticPassword.test5(APISingleStepStaticPassword.java:92)java.base/jdk.internal.reflect.NativeMethodAccessorImpl.invoke0(Native Method)java.base/jdk.internal.reflect.NativeMethodAccessorImpl.invoke(NativeMethodAccessorImpl.java:77)java.base/jdk.internal.reflect.DelegatingMethodAccessorImpl.invoke(DelegatingMethodAccessorImpl.java:43)java.base/java.lang.reflect.Method.invoke(Method.java:568)org.testng.internal.invokers.MethodInvocationHelper.invokeMethod(MethodInvocationHelper.java:135)org.testng.internal.invokers.TestInvoker.invokeMethod(TestInvoker.java:673)org.testng.internal.invokers.TestInvoker.invokeTestMethod(TestInvoker.java:220)org.testng.internal.invokers.TestMethodWithDataProviderMethodWorker.call(TestMethodWithDataProviderMethodWorker.java:80)org.testng.internal.invokers.TestMethodWithDataProviderMethodWorker.call(TestMethodWithDataProviderMethodWorker.java:17)java.base/java.util.concurrent.FutureTask.run(FutureTask.java:264)java.base/java.util.concurrent.Executors$RunnableAdapter.call(Executors.java:539)java.base/java.util.concurrent.FutureTask.run(FutureTask.java:264)java.base/java.util.concurrent.ThreadPoolExecutor.runWorker(ThreadPoolExecutor.java:1136)java.base/java.util.concurrent.ThreadPoolExecutor$Worker.run(ThreadPoolExecutor.java:635)java.base/java.lang.Thread.run(Thread.java:840)
]]>
            </failure>
    </testcase>
            <testcase
                name="test4"
                time="50.683"
                classname="tests.tenant.authentication.api.APISingleStepStaticPassword">

            <failure type="java.lang.AssertionError" message="Failed to change change LDAP property expected [false] but found [true]">
                <![CDATA[java.lang.AssertionError: Failed to change change LDAP property expected [false] but found [true]
                org.testng.Assert.fail(Assert.java:110)org.testng.Assert.failNotEquals(Assert.java:1413)org.testng.Assert.assertEqualsImpl(Assert.java:149)org.testng.Assert.assertEquals(Assert.java:131)org.testng.Assert.assertEquals(Assert.java:976)utils.LDAPClient.setUserMustChangePassword(LDAPClient.java:27)tests.tenant.authentication.api.APISingleStepStaticPassword.test4(APISingleStepStaticPassword.java:73)java.base/jdk.internal.reflect.NativeMethodAccessorImpl.invoke0(Native Method)java.base/jdk.internal.reflect.NativeMethodAccessorImpl.invoke(NativeMethodAccessorImpl.java:77)java.base/jdk.internal.reflect.DelegatingMethodAccessorImpl.invoke(DelegatingMethodAccessorImpl.java:43)java.base/java.lang.reflect.Method.invoke(Method.java:568)org.testng.internal.invokers.MethodInvocationHelper.invokeMethod(MethodInvocationHelper.java:135)org.testng.internal.invokers.TestInvoker.invokeMethod(TestInvoker.java:673)org.testng.internal.invokers.TestInvoker.invokeTestMethod(TestInvoker.java:220)org.testng.internal.invokers.TestMethodWithDataProviderMethodWorker.call(TestMethodWithDataProviderMethodWorker.java:80)org.testng.internal.invokers.TestMethodWithDataProviderMethodWorker.call(TestMethodWithDataProviderMethodWorker.java:17)java.base/java.util.concurrent.FutureTask.run(FutureTask.java:264)java.base/java.util.concurrent.Executors$RunnableAdapter.call(Executors.java:539)java.base/java.util.concurrent.FutureTask.run(FutureTask.java:264)java.base/java.util.concurrent.ThreadPoolExecutor.runWorker(ThreadPoolExecutor.java:1136)java.base/java.util.concurrent.ThreadPoolExecutor$Worker.run(ThreadPoolExecutor.java:635)java.base/java.lang.Thread.run(Thread.java:840)
]]>
            </failure>
    </testcase>


            <testcase
                name="test2"
                time="9.720"
                classname="tests.tenant.authentication.api.APISingleStepStaticPassword">
            </testcase>
            <testcase
                name="test5"
                time="8.796"
                classname="tests.tenant.authentication.api.APISingleStepStaticPassword">
            </testcase>
            <testcase
                name="test6"
                time="21.133"
                classname="tests.tenant.authentication.api.APISingleStepStaticPassword">
            </testcase>
            <testcase
                name="test2"
                time="9.944"
                classname="tests.tenant.authentication.api.APISingleStepStaticPassword">
            </testcase>
            <testcase
                name="test4"
                time="10.477"
                classname="tests.tenant.authentication.api.APISingleStepStaticPassword">
            </testcase>
            <testcase
                name="test5"
                time="8.782"
                classname="tests.tenant.authentication.api.APISingleStepStaticPassword">
            </testcase>
            <testcase
                name="test4"
                time="9.675"
                classname="tests.tenant.authentication.api.APISingleStepStaticPassword">
            </testcase>
            <testcase
                name="test2"
                time="9.857"
                classname="tests.tenant.authentication.api.APISingleStepStaticPassword">
            </testcase>
            <testcase
                name="test2"
                time="9.670"
                classname="tests.tenant.authentication.api.APISingleStepStaticPassword">
            </testcase>
            <testcase
                name="test3"
                time="9.030"
                classname="tests.tenant.authentication.api.APISingleStepStaticPassword">
            </testcase>
            <testcase
                name="test6"
                time="20.944"
                classname="tests.tenant.authentication.api.APISingleStepStaticPassword">
            </testcase>
            <testcase
                name="test6"
                time="19.853"
                classname="tests.tenant.authentication.api.APISingleStepStaticPassword">
            </testcase>
            <testcase
                name="test3"
                time="9.098"
                classname="tests.tenant.authentication.api.APISingleStepStaticPassword">
            </testcase>
            <testcase
                name="test3"
                time="9.501"
                classname="tests.tenant.authentication.api.APISingleStepStaticPassword">
            </testcase>
            <testcase
                name="test3"
                time="9.485"
                classname="tests.tenant.authentication.api.APISingleStepStaticPassword">
            </testcase>
            <testcase
                name="test6"
                time="20.051"
                classname="tests.tenant.authentication.api.APISingleStepStaticPassword">
            </testcase>
</testsuite>
