<?xml version="1.0" encoding="UTF-8"?>
<testsuite name="merge"
           tests="28"
           failures="0"
           errors="0"
           skipped="0"
           time="1228.947">
    <properties></properties>



            <testcase
                name="test4"
                time="66.502"
                classname="tests.tenant.authentication.api.APISingleStepTOTP">
            </testcase>
            <testcase
                name="test4"
                time="66.274"
                classname="tests.tenant.authentication.api.APISingleStepTOTP">
            </testcase>
            <testcase
                name="test3"
                time="48.820"
                classname="tests.tenant.authentication.api.APISingleStepTOTP">
            </testcase>
            <testcase
                name="test5"
                time="54.984"
                classname="tests.tenant.authentication.api.APISingleStepTOTP">
            </testcase>
            <testcase
                name="test1"
                time="2.023"
                classname="tests.tenant.authentication.api.APISingleStepTOTP">
            </testcase>
            <testcase
                name="test3"
                time="48.322"
                classname="tests.tenant.authentication.api.APISingleStepTOTP">
            </testcase>
            <testcase
                name="test3"
                time="48.322"
                classname="tests.tenant.authentication.api.APISingleStepTOTP">
            </testcase>
            <testcase
                name="test7"
                time="59.265"
                classname="tests.tenant.authentication.api.APISingleStepTOTP">
            </testcase>
            <testcase
                name="test2"
                time="16.474"
                classname="tests.tenant.authentication.api.APISingleStepTOTP">
            </testcase>
            <testcase
                name="test7"
                time="60.207"
                classname="tests.tenant.authentication.api.APISingleStepTOTP">
            </testcase>
            <testcase
                name="test6"
                time="57.611"
                classname="tests.tenant.authentication.api.APISingleStepTOTP">
            </testcase>
            <testcase
                name="test2"
                time="17.738"
                classname="tests.tenant.authentication.api.APISingleStepTOTP">
            </testcase>
            <testcase
                name="test5"
                time="55.744"
                classname="tests.tenant.authentication.api.APISingleStepTOTP">
            </testcase>
            <testcase
                name="test6"
                time="57.611"
                classname="tests.tenant.authentication.api.APISingleStepTOTP">
            </testcase>
            <testcase
                name="test4"
                time="67.135"
                classname="tests.tenant.authentication.api.APISingleStepTOTP">
            </testcase>
            <testcase
                name="test4"
                time="65.697"
                classname="tests.tenant.authentication.api.APISingleStepTOTP">
            </testcase>
            <testcase
                name="test2"
                time="17.761"
                classname="tests.tenant.authentication.api.APISingleStepTOTP">
            </testcase>
            <testcase
                name="test3"
                time="48.820"
                classname="tests.tenant.authentication.api.APISingleStepTOTP">
            </testcase>
            <testcase
                name="test7"
                time="60.207"
                classname="tests.tenant.authentication.api.APISingleStepTOTP">
            </testcase>
            <testcase
                name="test1"
                time="2.023"
                classname="tests.tenant.authentication.api.APISingleStepTOTP">
            </testcase>
            <testcase
                name="test5"
                time="55.671"
                classname="tests.tenant.authentication.api.APISingleStepTOTP">
            </testcase>
            <testcase
                name="test6"
                time="57.285"
                classname="tests.tenant.authentication.api.APISingleStepTOTP">
            </testcase>
            <testcase
                name="test7"
                time="60.400"
                classname="tests.tenant.authentication.api.APISingleStepTOTP">
            </testcase>
            <testcase
                name="test5"
                time="55.155"
                classname="tests.tenant.authentication.api.APISingleStepTOTP">
            </testcase>
            <testcase
                name="test2"
                time="17.600"
                classname="tests.tenant.authentication.api.APISingleStepTOTP">
            </testcase>
            <testcase
                name="test1"
                time="2.023"
                classname="tests.tenant.authentication.api.APISingleStepTOTP">
            </testcase>
            <testcase
                name="test1"
                time="2.023"
                classname="tests.tenant.authentication.api.APISingleStepTOTP">
            </testcase>
            <testcase
                name="test6"
                time="57.250"
                classname="tests.tenant.authentication.api.APISingleStepTOTP">
            </testcase>
</testsuite>
